This is pdfTeX, Version 3.14159265-2.6-1.40.16 (TeX Live 2015) (preloaded format=pdflatex 2016.2.23)  18 MAY 2017 19:33
entering extended mode
 restricted \write18 enabled.
 file:line:error style messages enabled.
 %&-line parsing enabled.
**Master_Sebben.tex
(./Master_Sebben.tex
LaTeX2e <2015/01/01>
Babel <3.9l> and hyphenation patterns for 79 languages loaded.
(/usr/local/texlive/2015/texmf-dist/tex/latex/base/report.cls
Document Class: report 2014/09/29 v1.4h Standard LaTeX document class
(/usr/local/texlive/2015/texmf-dist/tex/latex/base/size12.clo
File: size12.clo 2014/09/29 v1.4h Standard LaTeX file (size option)
)
\c@part=\count79
\c@chapter=\count80
\c@section=\count81
\c@subsection=\count82
\c@subsubsection=\count83
\c@paragraph=\count84
\c@subparagraph=\count85
\c@figure=\count86
\c@table=\count87
\abovecaptionskip=\skip41
\belowcaptionskip=\skip42
\bibindent=\dimen102
)
(/usr/local/texlive/2015/texmf-dist/tex/generic/babel/babel.sty
Package: babel 2014/09/25 3.9l The Babel package

(/usr/local/texlive/2015/texmf-dist/tex/generic/babel-english/english.ldf
Language: english 2012/08/20 v3.3p English support from the babel system

(/usr/local/texlive/2015/texmf-dist/tex/generic/babel/babel.def
File: babel.def 2014/09/25 3.9l Babel common definitions
\babel@savecnt=\count88
\U@D=\dimen103
)
\l@canadian = a dialect from \language\l@american 
\l@australian = a dialect from \language\l@british 
\l@newzealand = a dialect from \language\l@british 
))
(/usr/local/texlive/2015/texmf-dist/tex/latex/base/inputenc.sty
Package: inputenc 2015/03/17 v1.2c Input encoding file
\inpenc@prehook=\toks14
\inpenc@posthook=\toks15

(/usr/local/texlive/2015/texmf-dist/tex/latex/base/utf8.def
File: utf8.def 2014/09/29 v1.1m UTF-8 support for inputenc
Now handling font encoding OML ...
... no UTF-8 mapping file for font encoding OML
Now handling font encoding T1 ...
... processing UTF-8 mapping file for font encoding T1

(/usr/local/texlive/2015/texmf-dist/tex/latex/base/t1enc.dfu
File: t1enc.dfu 2014/09/29 v1.1m UTF-8 support for inputenc
   defining Unicode char U+00A1 (decimal 161)
   defining Unicode char U+00A3 (decimal 163)
   defining Unicode char U+00AB (decimal 171)
   defining Unicode char U+00BB (decimal 187)
   defining Unicode char U+00BF (decimal 191)
   defining Unicode char U+00C0 (decimal 192)
   defining Unicode char U+00C1 (decimal 193)
   defining Unicode char U+00C2 (decimal 194)
   defining Unicode char U+00C3 (decimal 195)
   defining Unicode char U+00C4 (decimal 196)
   defining Unicode char U+00C5 (decimal 197)
   defining Unicode char U+00C6 (decimal 198)
   defining Unicode char U+00C7 (decimal 199)
   defining Unicode char U+00C8 (decimal 200)
   defining Unicode char U+00C9 (decimal 201)
   defining Unicode char U+00CA (decimal 202)
   defining Unicode char U+00CB (decimal 203)
   defining Unicode char U+00CC (decimal 204)
   defining Unicode char U+00CD (decimal 205)
   defining Unicode char U+00CE (decimal 206)
   defining Unicode char U+00CF (decimal 207)
   defining Unicode char U+00D0 (decimal 208)
   defining Unicode char U+00D1 (decimal 209)
   defining Unicode char U+00D2 (decimal 210)
   defining Unicode char U+00D3 (decimal 211)
   defining Unicode char U+00D4 (decimal 212)
   defining Unicode char U+00D5 (decimal 213)
   defining Unicode char U+00D6 (decimal 214)
   defining Unicode char U+00D8 (decimal 216)
   defining Unicode char U+00D9 (decimal 217)
   defining Unicode char U+00DA (decimal 218)
   defining Unicode char U+00DB (decimal 219)
   defining Unicode char U+00DC (decimal 220)
   defining Unicode char U+00DD (decimal 221)
   defining Unicode char U+00DE (decimal 222)
   defining Unicode char U+00DF (decimal 223)
   defining Unicode char U+00E0 (decimal 224)
   defining Unicode char U+00E1 (decimal 225)
   defining Unicode char U+00E2 (decimal 226)
   defining Unicode char U+00E3 (decimal 227)
   defining Unicode char U+00E4 (decimal 228)
   defining Unicode char U+00E5 (decimal 229)
   defining Unicode char U+00E6 (decimal 230)
   defining Unicode char U+00E7 (decimal 231)
   defining Unicode char U+00E8 (decimal 232)
   defining Unicode char U+00E9 (decimal 233)
   defining Unicode char U+00EA (decimal 234)
   defining Unicode char U+00EB (decimal 235)
   defining Unicode char U+00EC (decimal 236)
   defining Unicode char U+00ED (decimal 237)
   defining Unicode char U+00EE (decimal 238)
   defining Unicode char U+00EF (decimal 239)
   defining Unicode char U+00F0 (decimal 240)
   defining Unicode char U+00F1 (decimal 241)
   defining Unicode char U+00F2 (decimal 242)
   defining Unicode char U+00F3 (decimal 243)
   defining Unicode char U+00F4 (decimal 244)
   defining Unicode char U+00F5 (decimal 245)
   defining Unicode char U+00F6 (decimal 246)
   defining Unicode char U+00F8 (decimal 248)
   defining Unicode char U+00F9 (decimal 249)
   defining Unicode char U+00FA (decimal 250)
   defining Unicode char U+00FB (decimal 251)
   defining Unicode char U+00FC (decimal 252)
   defining Unicode char U+00FD (decimal 253)
   defining Unicode char U+00FE (decimal 254)
   defining Unicode char U+00FF (decimal 255)
   defining Unicode char U+0102 (decimal 258)
   defining Unicode char U+0103 (decimal 259)
   defining Unicode char U+0104 (decimal 260)
   defining Unicode char U+0105 (decimal 261)
   defining Unicode char U+0106 (decimal 262)
   defining Unicode char U+0107 (decimal 263)
   defining Unicode char U+010C (decimal 268)
   defining Unicode char U+010D (decimal 269)
   defining Unicode char U+010E (decimal 270)
   defining Unicode char U+010F (decimal 271)
   defining Unicode char U+0110 (decimal 272)
   defining Unicode char U+0111 (decimal 273)
   defining Unicode char U+0118 (decimal 280)
   defining Unicode char U+0119 (decimal 281)
   defining Unicode char U+011A (decimal 282)
   defining Unicode char U+011B (decimal 283)
   defining Unicode char U+011E (decimal 286)
   defining Unicode char U+011F (decimal 287)
   defining Unicode char U+0130 (decimal 304)
   defining Unicode char U+0131 (decimal 305)
   defining Unicode char U+0132 (decimal 306)
   defining Unicode char U+0133 (decimal 307)
   defining Unicode char U+0139 (decimal 313)
   defining Unicode char U+013A (decimal 314)
   defining Unicode char U+013D (decimal 317)
   defining Unicode char U+013E (decimal 318)
   defining Unicode char U+0141 (decimal 321)
   defining Unicode char U+0142 (decimal 322)
   defining Unicode char U+0143 (decimal 323)
   defining Unicode char U+0144 (decimal 324)
   defining Unicode char U+0147 (decimal 327)
   defining Unicode char U+0148 (decimal 328)
   defining Unicode char U+014A (decimal 330)
   defining Unicode char U+014B (decimal 331)
   defining Unicode char U+0150 (decimal 336)
   defining Unicode char U+0151 (decimal 337)
   defining Unicode char U+0152 (decimal 338)
   defining Unicode char U+0153 (decimal 339)
   defining Unicode char U+0154 (decimal 340)
   defining Unicode char U+0155 (decimal 341)
   defining Unicode char U+0158 (decimal 344)
   defining Unicode char U+0159 (decimal 345)
   defining Unicode char U+015A (decimal 346)
   defining Unicode char U+015B (decimal 347)
   defining Unicode char U+015E (decimal 350)
   defining Unicode char U+015F (decimal 351)
   defining Unicode char U+0160 (decimal 352)
   defining Unicode char U+0161 (decimal 353)
   defining Unicode char U+0162 (decimal 354)
   defining Unicode char U+0163 (decimal 355)
   defining Unicode char U+0164 (decimal 356)
   defining Unicode char U+0165 (decimal 357)
   defining Unicode char U+016E (decimal 366)
   defining Unicode char U+016F (decimal 367)
   defining Unicode char U+0170 (decimal 368)
   defining Unicode char U+0171 (decimal 369)
   defining Unicode char U+0178 (decimal 376)
   defining Unicode char U+0179 (decimal 377)
   defining Unicode char U+017A (decimal 378)
   defining Unicode char U+017B (decimal 379)
   defining Unicode char U+017C (decimal 380)
   defining Unicode char U+017D (decimal 381)
   defining Unicode char U+017E (decimal 382)
   defining Unicode char U+200C (decimal 8204)
   defining Unicode char U+2013 (decimal 8211)
   defining Unicode char U+2014 (decimal 8212)
   defining Unicode char U+2018 (decimal 8216)
   defining Unicode char U+2019 (decimal 8217)
   defining Unicode char U+201A (decimal 8218)
   defining Unicode char U+201C (decimal 8220)
   defining Unicode char U+201D (decimal 8221)
   defining Unicode char U+201E (decimal 8222)
   defining Unicode char U+2030 (decimal 8240)
   defining Unicode char U+2031 (decimal 8241)
   defining Unicode char U+2039 (decimal 8249)
   defining Unicode char U+203A (decimal 8250)
   defining Unicode char U+2423 (decimal 9251)
)
Now handling font encoding OT1 ...
... processing UTF-8 mapping file for font encoding OT1

(/usr/local/texlive/2015/texmf-dist/tex/latex/base/ot1enc.dfu
File: ot1enc.dfu 2014/09/29 v1.1m UTF-8 support for inputenc
   defining Unicode char U+00A1 (decimal 161)
   defining Unicode char U+00A3 (decimal 163)
   defining Unicode char U+00B8 (decimal 184)
   defining Unicode char U+00BF (decimal 191)
   defining Unicode char U+00C5 (decimal 197)
   defining Unicode char U+00C6 (decimal 198)
   defining Unicode char U+00D8 (decimal 216)
   defining Unicode char U+00DF (decimal 223)
   defining Unicode char U+00E6 (decimal 230)
   defining Unicode char U+00EC (decimal 236)
   defining Unicode char U+00ED (decimal 237)
   defining Unicode char U+00EE (decimal 238)
   defining Unicode char U+00EF (decimal 239)
   defining Unicode char U+00F8 (decimal 248)
   defining Unicode char U+0131 (decimal 305)
   defining Unicode char U+0141 (decimal 321)
   defining Unicode char U+0142 (decimal 322)
   defining Unicode char U+0152 (decimal 338)
   defining Unicode char U+0153 (decimal 339)
   defining Unicode char U+2013 (decimal 8211)
   defining Unicode char U+2014 (decimal 8212)
   defining Unicode char U+2018 (decimal 8216)
   defining Unicode char U+2019 (decimal 8217)
   defining Unicode char U+201C (decimal 8220)
   defining Unicode char U+201D (decimal 8221)
)
Now handling font encoding OMS ...
... processing UTF-8 mapping file for font encoding OMS

(/usr/local/texlive/2015/texmf-dist/tex/latex/base/omsenc.dfu
File: omsenc.dfu 2014/09/29 v1.1m UTF-8 support for inputenc
   defining Unicode char U+00A7 (decimal 167)
   defining Unicode char U+00B6 (decimal 182)
   defining Unicode char U+00B7 (decimal 183)
   defining Unicode char U+2020 (decimal 8224)
   defining Unicode char U+2021 (decimal 8225)
   defining Unicode char U+2022 (decimal 8226)
)
Now handling font encoding OMX ...
... no UTF-8 mapping file for font encoding OMX
Now handling font encoding U ...
... no UTF-8 mapping file for font encoding U
   defining Unicode char U+00A9 (decimal 169)
   defining Unicode char U+00AA (decimal 170)
   defining Unicode char U+00AE (decimal 174)
   defining Unicode char U+00BA (decimal 186)
   defining Unicode char U+02C6 (decimal 710)
   defining Unicode char U+02DC (decimal 732)
   defining Unicode char U+200C (decimal 8204)
   defining Unicode char U+2026 (decimal 8230)
   defining Unicode char U+2122 (decimal 8482)
   defining Unicode char U+2423 (decimal 9251)
))
(/usr/local/texlive/2015/texmf-dist/tex/latex/base/fontenc.sty
Package: fontenc 2005/09/27 v1.99g Standard LaTeX package

(/usr/local/texlive/2015/texmf-dist/tex/latex/base/t1enc.def
File: t1enc.def 2005/09/27 v1.99g Standard LaTeX file
LaTeX Font Info:    Redeclaring font encoding T1 on input line 48.
))
(/usr/local/texlive/2015/texmf-dist/tex/latex/amsfonts/amssymb.sty
Package: amssymb 2013/01/14 v3.01 AMS font symbols

(/usr/local/texlive/2015/texmf-dist/tex/latex/amsfonts/amsfonts.sty
Package: amsfonts 2013/01/14 v3.01 Basic AMSFonts support
\@emptytoks=\toks16
\symAMSa=\mathgroup4
\symAMSb=\mathgroup5
LaTeX Font Info:    Overwriting math alphabet `\mathfrak' in version `bold'
(Font)                  U/euf/m/n --> U/euf/b/n on input line 106.
))
(/usr/local/texlive/2015/texmf-dist/tex/latex/graphics/graphicx.sty
Package: graphicx 2014/10/28 v1.0g Enhanced LaTeX Graphics (DPC,SPQR)

(/usr/local/texlive/2015/texmf-dist/tex/latex/graphics/keyval.sty
Package: keyval 2014/10/28 v1.15 key=value parser (DPC)
\KV@toks@=\toks17
)
(/usr/local/texlive/2015/texmf-dist/tex/latex/graphics/graphics.sty
Package: graphics 2014/10/28 v1.0p Standard LaTeX Graphics (DPC,SPQR)

(/usr/local/texlive/2015/texmf-dist/tex/latex/graphics/trig.sty
Package: trig 1999/03/16 v1.09 sin cos tan (DPC)
)
(/usr/local/texlive/2015/texmf-dist/tex/latex/latexconfig/graphics.cfg
File: graphics.cfg 2010/04/23 v1.9 graphics configuration of TeX Live
)
Package graphics Info: Driver file: pdftex.def on input line 94.

(/usr/local/texlive/2015/texmf-dist/tex/latex/pdftex-def/pdftex.def
File: pdftex.def 2011/05/27 v0.06d Graphics/color for pdfTeX

(/usr/local/texlive/2015/texmf-dist/tex/generic/oberdiek/infwarerr.sty
Package: infwarerr 2010/04/08 v1.3 Providing info/warning/error messages (HO)
)
(/usr/local/texlive/2015/texmf-dist/tex/generic/oberdiek/ltxcmds.sty
Package: ltxcmds 2011/11/09 v1.22 LaTeX kernel commands for general use (HO)
)
\Gread@gobject=\count89
))
\Gin@req@height=\dimen104
\Gin@req@width=\dimen105
)
(/usr/local/texlive/2015/texmf-dist/tex/latex/amsmath/amsmath.sty
Package: amsmath 2013/01/14 v2.14 AMS math features
\@mathmargin=\skip43

For additional information on amsmath, use the `?' option.
(/usr/local/texlive/2015/texmf-dist/tex/latex/amsmath/amstext.sty
Package: amstext 2000/06/29 v2.01

(/usr/local/texlive/2015/texmf-dist/tex/latex/amsmath/amsgen.sty
File: amsgen.sty 1999/11/30 v2.0
\@emptytoks=\toks18
\ex@=\dimen106
))
(/usr/local/texlive/2015/texmf-dist/tex/latex/amsmath/amsbsy.sty
Package: amsbsy 1999/11/29 v1.2d
\pmbraise@=\dimen107
)
(/usr/local/texlive/2015/texmf-dist/tex/latex/amsmath/amsopn.sty
Package: amsopn 1999/12/14 v2.01 operator names
)
\inf@bad=\count90
LaTeX Info: Redefining \frac on input line 210.
\uproot@=\count91
\leftroot@=\count92
LaTeX Info: Redefining \overline on input line 306.
\classnum@=\count93
\DOTSCASE@=\count94
LaTeX Info: Redefining \ldots on input line 378.
LaTeX Info: Redefining \dots on input line 381.
LaTeX Info: Redefining \cdots on input line 466.
\Mathstrutbox@=\box26
\strutbox@=\box27
\big@size=\dimen108
LaTeX Font Info:    Redeclaring font encoding OML on input line 566.
LaTeX Font Info:    Redeclaring font encoding OMS on input line 567.
\macc@depth=\count95
\c@MaxMatrixCols=\count96
\dotsspace@=\muskip10
\c@parentequation=\count97
\dspbrk@lvl=\count98
\tag@help=\toks19
\row@=\count99
\column@=\count100
\maxfields@=\count101
\andhelp@=\toks20
\eqnshift@=\dimen109
\alignsep@=\dimen110
\tagshift@=\dimen111
\tagwidth@=\dimen112
\totwidth@=\dimen113
\lineht@=\dimen114
\@envbody=\toks21
\multlinegap=\skip44
\multlinetaggap=\skip45
\mathdisplay@stack=\toks22
LaTeX Info: Redefining \[ on input line 2665.
LaTeX Info: Redefining \] on input line 2666.
)
(/usr/local/texlive/2015/texmf-dist/tex/latex/graphics/epsfig.sty
Package: epsfig 1999/02/16 v1.7a (e)psfig emulation (SPQR)
\epsfxsize=\dimen115
\epsfysize=\dimen116
)
(/usr/local/texlive/2015/texmf-dist/tex/latex/graphics/color.sty
Package: color 2014/10/28 v1.1a Standard LaTeX Color (DPC)

(/usr/local/texlive/2015/texmf-dist/tex/latex/latexconfig/color.cfg
File: color.cfg 2007/01/18 v1.5 color configuration of teTeX/TeXLive
)
Package color Info: Driver file: pdftex.def on input line 142.
)
(/usr/local/texlive/2015/texmf-dist/tex/latex/multirow/multirow.sty
\bigstrutjot=\dimen117
)
(/usr/local/texlive/2015/texmf-dist/tex/latex/parskip/parskip.sty
Package: parskip 2001/04/09 non-zero parskip adjustments
)
(/usr/local/texlive/2015/texmf-dist/tex/latex/algorithm2e/algorithm2e.sty
Package: algorithm2e 2013/01/06 v5.00 algorithms environments
\c@AlgoLine=\count102

(/usr/local/texlive/2015/texmf-dist/tex/latex/base/ifthen.sty
Package: ifthen 2014/09/29 v1.1c Standard LaTeX ifthen package (DPC)
)
(/usr/local/texlive/2015/texmf-dist/tex/latex/tools/xspace.sty
Package: xspace 2014/10/28 v1.13 Space after command names (DPC,MH)
)
(/usr/local/texlive/2015/texmf-dist/tex/latex/relsize/relsize.sty
Package: relsize 2013/03/29 ver 4.1
)
********************************************************
Package `algorithm2e' Release 5.0 -- january 06 2013 --
- algorithm2e-announce@lirmm.fr mailing list for announcement about releases
- algorithm2e-discussion@lirmm.fr mailing list for discussion about package
subscribe by emailing sympa@lirmm.fr with 'subscribe <list> <firstname name>'
- Author: Christophe Fiorio (cfiorio@um2.fr)
********************************************************
\skiptotal=\skip46
\skiplinenumber=\skip47
\skiprule=\skip48
\skiphlne=\skip49
\skiptext=\skip50
\skiplength=\skip51
\algomargin=\skip52
\skipalgocfslide=\skip53
\algowidth=\dimen118
\inoutsize=\dimen119
\inoutindent=\dimen120
\interspacetitleruled=\dimen121
\interspacealgoruled=\dimen122
\interspacetitleboxruled=\dimen123
\algocf@inoutbox=\box28
\algocf@inputbox=\box29
\AlCapSkip=\skip54
\AlCapHSkip=\skip55
\algoskipindent=\skip56
\algocf@nlbox=\box30
\algocf@hangingbox=\box31
\algocf@untilbox=\box32
\algocf@skipuntil=\skip57
\algocf@capbox=\box33
\algoheightruledefault=\skip58
\algoheightrule=\skip59
\algotitleheightruledefault=\skip60
\algotitleheightrule=\skip61
\c@algocfline=\count103
\c@algocfproc=\count104
\c@algocf=\count105
\algocf@algoframe=\box34
\algocf@algobox=\box35
) (/usr/local/texlive/2015/texmf-dist/tex/latex/tcolorbox/tcolorbox.sty
Package: tcolorbox 2015/05/07 version 3.60 text color boxes

(/usr/local/texlive/2015/texmf-dist/tex/latex/pgf/basiclayer/pgf.sty
(/usr/local/texlive/2015/texmf-dist/tex/latex/pgf/utilities/pgfrcs.sty
(/usr/local/texlive/2015/texmf-dist/tex/generic/pgf/utilities/pgfutil-common.te
x
\pgfutil@everybye=\toks23
\pgfutil@tempdima=\dimen124
\pgfutil@tempdimb=\dimen125

(/usr/local/texlive/2015/texmf-dist/tex/generic/pgf/utilities/pgfutil-common-li
sts.tex))
(/usr/local/texlive/2015/texmf-dist/tex/generic/pgf/utilities/pgfutil-latex.def
\pgfutil@abb=\box36
(/usr/local/texlive/2015/texmf-dist/tex/latex/ms/everyshi.sty
Package: everyshi 2001/05/15 v3.00 EveryShipout Package (MS)
))
(/usr/local/texlive/2015/texmf-dist/tex/generic/pgf/utilities/pgfrcs.code.tex
Package: pgfrcs 2013/12/20 v3.0.0 (rcs-revision 1.28)
))
Package: pgf 2013/12/18 v3.0.0 (rcs-revision 1.14)
(/usr/local/texlive/2015/texmf-dist/tex/latex/pgf/basiclayer/pgfcore.sty
(/usr/local/texlive/2015/texmf-dist/tex/latex/pgf/systemlayer/pgfsys.sty
(/usr/local/texlive/2015/texmf-dist/tex/generic/pgf/systemlayer/pgfsys.code.tex
Package: pgfsys 2013/11/30 v3.0.0 (rcs-revision 1.47)
(/usr/local/texlive/2015/texmf-dist/tex/generic/pgf/utilities/pgfkeys.code.tex
\pgfkeys@pathtoks=\toks24
\pgfkeys@temptoks=\toks25

(/usr/local/texlive/2015/texmf-dist/tex/generic/pgf/utilities/pgfkeysfiltered.c
ode.tex
\pgfkeys@tmptoks=\toks26
))
\pgf@x=\dimen126
\pgf@y=\dimen127
\pgf@xa=\dimen128
\pgf@ya=\dimen129
\pgf@xb=\dimen130
\pgf@yb=\dimen131
\pgf@xc=\dimen132
\pgf@yc=\dimen133
\w@pgf@writea=\write3
\r@pgf@reada=\read1
\c@pgf@counta=\count106
\c@pgf@countb=\count107
\c@pgf@countc=\count108
\c@pgf@countd=\count109
\t@pgf@toka=\toks27
\t@pgf@tokb=\toks28
\t@pgf@tokc=\toks29

(/usr/local/texlive/2015/texmf-dist/tex/generic/pgf/systemlayer/pgf.cfg
File: pgf.cfg 2008/05/14  (rcs-revision 1.7)
)
Driver file for pgf: pgfsys-pdftex.def

(/usr/local/texlive/2015/texmf-dist/tex/generic/pgf/systemlayer/pgfsys-pdftex.d
ef
File: pgfsys-pdftex.def 2013/07/18  (rcs-revision 1.33)

(/usr/local/texlive/2015/texmf-dist/tex/generic/pgf/systemlayer/pgfsys-common-p
df.def
File: pgfsys-common-pdf.def 2013/10/10  (rcs-revision 1.13)
)))
(/usr/local/texlive/2015/texmf-dist/tex/generic/pgf/systemlayer/pgfsyssoftpath.
code.tex
File: pgfsyssoftpath.code.tex 2013/09/09  (rcs-revision 1.9)
\pgfsyssoftpath@smallbuffer@items=\count110
\pgfsyssoftpath@bigbuffer@items=\count111
)
(/usr/local/texlive/2015/texmf-dist/tex/generic/pgf/systemlayer/pgfsysprotocol.
code.tex
File: pgfsysprotocol.code.tex 2006/10/16  (rcs-revision 1.4)
)) (/usr/local/texlive/2015/texmf-dist/tex/latex/xcolor/xcolor.sty
Package: xcolor 2007/01/21 v2.11 LaTeX color extensions (UK)

(/usr/local/texlive/2015/texmf-dist/tex/latex/latexconfig/color.cfg
File: color.cfg 2007/01/18 v1.5 color configuration of teTeX/TeXLive
)
Package xcolor Info: Driver file: pdftex.def on input line 225.
LaTeX Info: Redefining \color on input line 702.
Package xcolor Info: Model `cmy' substituted by `cmy0' on input line 1337.
Package xcolor Info: Model `hsb' substituted by `rgb' on input line 1341.
Package xcolor Info: Model `RGB' extended on input line 1353.
Package xcolor Info: Model `HTML' substituted by `rgb' on input line 1355.
Package xcolor Info: Model `Hsb' substituted by `hsb' on input line 1356.
Package xcolor Info: Model `tHsb' substituted by `hsb' on input line 1357.
Package xcolor Info: Model `HSB' substituted by `hsb' on input line 1358.
Package xcolor Info: Model `Gray' substituted by `gray' on input line 1359.
Package xcolor Info: Model `wave' substituted by `hsb' on input line 1360.
)
(/usr/local/texlive/2015/texmf-dist/tex/generic/pgf/basiclayer/pgfcore.code.tex
Package: pgfcore 2010/04/11 v3.0.0 (rcs-revision 1.7)
(/usr/local/texlive/2015/texmf-dist/tex/generic/pgf/math/pgfmath.code.tex
(/usr/local/texlive/2015/texmf-dist/tex/generic/pgf/math/pgfmathcalc.code.tex
(/usr/local/texlive/2015/texmf-dist/tex/generic/pgf/math/pgfmathutil.code.tex)
(/usr/local/texlive/2015/texmf-dist/tex/generic/pgf/math/pgfmathparser.code.tex
\pgfmath@dimen=\dimen134
\pgfmath@count=\count112
\pgfmath@box=\box37
\pgfmath@toks=\toks30
\pgfmath@stack@operand=\toks31
\pgfmath@stack@operation=\toks32
)
(/usr/local/texlive/2015/texmf-dist/tex/generic/pgf/math/pgfmathfunctions.code.
tex
(/usr/local/texlive/2015/texmf-dist/tex/generic/pgf/math/pgfmathfunctions.basic
.code.tex)
(/usr/local/texlive/2015/texmf-dist/tex/generic/pgf/math/pgfmathfunctions.trigo
nometric.code.tex)
(/usr/local/texlive/2015/texmf-dist/tex/generic/pgf/math/pgfmathfunctions.rando
m.code.tex)
(/usr/local/texlive/2015/texmf-dist/tex/generic/pgf/math/pgfmathfunctions.compa
rison.code.tex)
(/usr/local/texlive/2015/texmf-dist/tex/generic/pgf/math/pgfmathfunctions.base.
code.tex)
(/usr/local/texlive/2015/texmf-dist/tex/generic/pgf/math/pgfmathfunctions.round
.code.tex)
(/usr/local/texlive/2015/texmf-dist/tex/generic/pgf/math/pgfmathfunctions.misc.
code.tex)
(/usr/local/texlive/2015/texmf-dist/tex/generic/pgf/math/pgfmathfunctions.integ
erarithmetics.code.tex)))
(/usr/local/texlive/2015/texmf-dist/tex/generic/pgf/math/pgfmathfloat.code.tex
\c@pgfmathroundto@lastzeros=\count113
))
(/usr/local/texlive/2015/texmf-dist/tex/generic/pgf/basiclayer/pgfcorepoints.co
de.tex
File: pgfcorepoints.code.tex 2013/10/07  (rcs-revision 1.27)
\pgf@picminx=\dimen135
\pgf@picmaxx=\dimen136
\pgf@picminy=\dimen137
\pgf@picmaxy=\dimen138
\pgf@pathminx=\dimen139
\pgf@pathmaxx=\dimen140
\pgf@pathminy=\dimen141
\pgf@pathmaxy=\dimen142
\pgf@xx=\dimen143
\pgf@xy=\dimen144
\pgf@yx=\dimen145
\pgf@yy=\dimen146
\pgf@zx=\dimen147
\pgf@zy=\dimen148
)
(/usr/local/texlive/2015/texmf-dist/tex/generic/pgf/basiclayer/pgfcorepathconst
ruct.code.tex
File: pgfcorepathconstruct.code.tex 2013/10/07  (rcs-revision 1.29)
\pgf@path@lastx=\dimen149
\pgf@path@lasty=\dimen150
)
(/usr/local/texlive/2015/texmf-dist/tex/generic/pgf/basiclayer/pgfcorepathusage
.code.tex
File: pgfcorepathusage.code.tex 2013/12/13  (rcs-revision 1.23)
\pgf@shorten@end@additional=\dimen151
\pgf@shorten@start@additional=\dimen152
)
(/usr/local/texlive/2015/texmf-dist/tex/generic/pgf/basiclayer/pgfcorescopes.co
de.tex
File: pgfcorescopes.code.tex 2013/10/09  (rcs-revision 1.44)
\pgfpic=\box38
\pgf@hbox=\box39
\pgf@layerbox@main=\box40
\pgf@picture@serial@count=\count114
)
(/usr/local/texlive/2015/texmf-dist/tex/generic/pgf/basiclayer/pgfcoregraphicst
ate.code.tex
File: pgfcoregraphicstate.code.tex 2013/09/19  (rcs-revision 1.11)
\pgflinewidth=\dimen153
)
(/usr/local/texlive/2015/texmf-dist/tex/generic/pgf/basiclayer/pgfcoretransform
ations.code.tex
File: pgfcoretransformations.code.tex 2013/10/10  (rcs-revision 1.17)
\pgf@pt@x=\dimen154
\pgf@pt@y=\dimen155
\pgf@pt@temp=\dimen156
)
(/usr/local/texlive/2015/texmf-dist/tex/generic/pgf/basiclayer/pgfcorequick.cod
e.tex
File: pgfcorequick.code.tex 2008/10/09  (rcs-revision 1.3)
)
(/usr/local/texlive/2015/texmf-dist/tex/generic/pgf/basiclayer/pgfcoreobjects.c
ode.tex
File: pgfcoreobjects.code.tex 2006/10/11  (rcs-revision 1.2)
)
(/usr/local/texlive/2015/texmf-dist/tex/generic/pgf/basiclayer/pgfcorepathproce
ssing.code.tex
File: pgfcorepathprocessing.code.tex 2013/09/09  (rcs-revision 1.9)
)
(/usr/local/texlive/2015/texmf-dist/tex/generic/pgf/basiclayer/pgfcorearrows.co
de.tex
File: pgfcorearrows.code.tex 2013/11/07  (rcs-revision 1.40)
\pgfarrowsep=\dimen157
)
(/usr/local/texlive/2015/texmf-dist/tex/generic/pgf/basiclayer/pgfcoreshade.cod
e.tex
File: pgfcoreshade.code.tex 2013/07/15  (rcs-revision 1.15)
\pgf@max=\dimen158
\pgf@sys@shading@range@num=\count115
)
(/usr/local/texlive/2015/texmf-dist/tex/generic/pgf/basiclayer/pgfcoreimage.cod
e.tex
File: pgfcoreimage.code.tex 2013/07/15  (rcs-revision 1.18)

(/usr/local/texlive/2015/texmf-dist/tex/generic/pgf/basiclayer/pgfcoreexternal.
code.tex
File: pgfcoreexternal.code.tex 2013/07/15  (rcs-revision 1.20)
\pgfexternal@startupbox=\box41
))
(/usr/local/texlive/2015/texmf-dist/tex/generic/pgf/basiclayer/pgfcorelayers.co
de.tex
File: pgfcorelayers.code.tex 2013/07/18  (rcs-revision 1.7)
)
(/usr/local/texlive/2015/texmf-dist/tex/generic/pgf/basiclayer/pgfcoretranspare
ncy.code.tex
File: pgfcoretransparency.code.tex 2013/09/30  (rcs-revision 1.5)
)
(/usr/local/texlive/2015/texmf-dist/tex/generic/pgf/basiclayer/pgfcorepatterns.
code.tex
File: pgfcorepatterns.code.tex 2013/11/07  (rcs-revision 1.5)
)))
(/usr/local/texlive/2015/texmf-dist/tex/generic/pgf/modules/pgfmoduleshapes.cod
e.tex
File: pgfmoduleshapes.code.tex 2013/10/31  (rcs-revision 1.34)
\pgfnodeparttextbox=\box42
)
(/usr/local/texlive/2015/texmf-dist/tex/generic/pgf/modules/pgfmoduleplot.code.
tex
File: pgfmoduleplot.code.tex 2013/07/31  (rcs-revision 1.12)
)
(/usr/local/texlive/2015/texmf-dist/tex/latex/pgf/compatibility/pgfcomp-version
-0-65.sty
Package: pgfcomp-version-0-65 2007/07/03 v3.0.0 (rcs-revision 1.7)
\pgf@nodesepstart=\dimen159
\pgf@nodesepend=\dimen160
)
(/usr/local/texlive/2015/texmf-dist/tex/latex/pgf/compatibility/pgfcomp-version
-1-18.sty
Package: pgfcomp-version-1-18 2007/07/23 v3.0.0 (rcs-revision 1.1)
)) (/usr/local/texlive/2015/texmf-dist/tex/latex/tools/verbatim.sty
Package: verbatim 2014/10/28 v1.5q LaTeX2e package for verbatim enhancements
\every@verbatim=\toks33
\verbatim@line=\toks34
\verbatim@in@stream=\read2
)
(/usr/local/texlive/2015/texmf-dist/tex/latex/environ/environ.sty
Package: environ 2014/05/04 v0.3 A new way to define environments

(/usr/local/texlive/2015/texmf-dist/tex/latex/trimspaces/trimspaces.sty
Package: trimspaces 2009/09/17 v1.1 Trim spaces around a token list
))
(/usr/local/texlive/2015/texmf-dist/tex/latex/etoolbox/etoolbox.sty
Package: etoolbox 2015/05/04 v2.2 e-TeX tools for LaTeX (JAW)
\etb@tempcnta=\count116
)
\tcb@titlebox=\box43
\tcb@upperbox=\box44
\tcb@lowerbox=\box45
\tcb@phantombox=\box46
\c@tcbbreakpart=\count117
\c@tcblayer=\count118
\tcb@temp=\box47
\tcb@temp=\box48
\tcb@temp=\box49
\tcb@temp=\box50
\tcb@out=\write4
\tcb@record@out=\write5

(/usr/local/texlive/2015/texmf-dist/tex/latex/tcolorbox/tcbraster.code.tex
Library (tcolorbox): 'tcbraster.code.tex' version '3.60'
\c@tcbrastercolumn=\count119
\c@tcbrasterrow=\count120
\c@tcbraster=\count121
) (/usr/local/texlive/2015/texmf-dist/tex/latex/tcolorbox/tcbskins.code.tex
Library (tcolorbox): 'tcbskins.code.tex' version '3.60'
(/usr/local/texlive/2015/texmf-dist/tex/latex/pgf/frontendlayer/tikz.sty
(/usr/local/texlive/2015/texmf-dist/tex/latex/pgf/utilities/pgffor.sty
(/usr/local/texlive/2015/texmf-dist/tex/latex/pgf/utilities/pgfkeys.sty
(/usr/local/texlive/2015/texmf-dist/tex/generic/pgf/utilities/pgfkeys.code.tex)
) (/usr/local/texlive/2015/texmf-dist/tex/latex/pgf/math/pgfmath.sty
(/usr/local/texlive/2015/texmf-dist/tex/generic/pgf/math/pgfmath.code.tex))
(/usr/local/texlive/2015/texmf-dist/tex/generic/pgf/utilities/pgffor.code.tex
Package: pgffor 2013/12/13 v3.0.0 (rcs-revision 1.25)

(/usr/local/texlive/2015/texmf-dist/tex/generic/pgf/math/pgfmath.code.tex)
\pgffor@iter=\dimen161
\pgffor@skip=\dimen162
\pgffor@stack=\toks35
\pgffor@toks=\toks36
))
(/usr/local/texlive/2015/texmf-dist/tex/generic/pgf/frontendlayer/tikz/tikz.cod
e.tex
Package: tikz 2013/12/13 v3.0.0 (rcs-revision 1.142)

(/usr/local/texlive/2015/texmf-dist/tex/generic/pgf/libraries/pgflibraryplothan
dlers.code.tex
File: pgflibraryplothandlers.code.tex 2013/08/31 v3.0.0 (rcs-revision 1.20)
\pgf@plot@mark@count=\count122
\pgfplotmarksize=\dimen163
)
\tikz@lastx=\dimen164
\tikz@lasty=\dimen165
\tikz@lastxsaved=\dimen166
\tikz@lastysaved=\dimen167
\tikzleveldistance=\dimen168
\tikzsiblingdistance=\dimen169
\tikz@figbox=\box51
\tikz@figbox@bg=\box52
\tikz@tempbox=\box53
\tikz@tempbox@bg=\box54
\tikztreelevel=\count123
\tikznumberofchildren=\count124
\tikznumberofcurrentchild=\count125
\tikz@fig@count=\count126

(/usr/local/texlive/2015/texmf-dist/tex/generic/pgf/modules/pgfmodulematrix.cod
e.tex
File: pgfmodulematrix.code.tex 2013/09/17  (rcs-revision 1.8)
\pgfmatrixcurrentrow=\count127
\pgfmatrixcurrentcolumn=\count128
\pgf@matrix@numberofcolumns=\count129
)
\tikz@expandcount=\count130

(/usr/local/texlive/2015/texmf-dist/tex/generic/pgf/frontendlayer/tikz/librarie
s/tikzlibrarytopaths.code.tex
File: tikzlibrarytopaths.code.tex 2008/06/17 v3.0.0 (rcs-revision 1.2)
)))
\tcb@waterbox=\box55

(/usr/local/texlive/2015/texmf-dist/tex/latex/tcolorbox/tcbskinsjigsaw.code.tex
Library (tcolorbox): 'tcbskinsjigsaw.code.tex' version '3.60'
))
(/usr/local/texlive/2015/texmf-dist/tex/latex/tcolorbox/tcbbreakable.code.tex
Library (tcolorbox): 'tcbbreakable.code.tex' version '3.60'
\tcb@testbox=\box56
\tcb@totalupperbox=\box57
\tcb@totallowerbox=\box58
) (/usr/local/texlive/2015/texmf-dist/tex/latex/tcolorbox/tcbhooks.code.tex
Library (tcolorbox): 'tcbhooks.code.tex' version '3.60'
) (/usr/local/texlive/2015/texmf-dist/tex/latex/tcolorbox/tcbtheorems.code.tex
Library (tcolorbox): 'tcbtheorems.code.tex' version '3.60'
) (/usr/local/texlive/2015/texmf-dist/tex/latex/tcolorbox/tcbfitting.code.tex
Library (tcolorbox): 'tcbfitting.code.tex' version '3.60'
\tcbfitdim=\dimen170
\tcb@lowerfitdim=\dimen171
\tcb@upperfitdim=\dimen172
\tcb@cur@hbadness=\count131
) (/usr/local/texlive/2015/texmf-dist/tex/latex/tcolorbox/tcbxparse.code.tex
Library (tcolorbox): 'tcbxparse.code.tex' version '3.60'
(/usr/local/texlive/2015/texmf-dist/tex/latex/l3packages/xparse/xparse.sty
(/usr/local/texlive/2015/texmf-dist/tex/latex/l3kernel/expl3.sty
Package: expl3 2015/03/01 v5547 L3 programming layer (loader) 

(/usr/local/texlive/2015/texmf-dist/tex/latex/l3kernel/expl3-code.tex
Package: expl3 2015/03/01 v5547 L3 programming layer (code) 
L3 Module: l3bootstrap 2015/02/28 v5542 L3 Bootstrap code
L3 Module: l3names 2015/02/24 v5535 L3 Namespace for primitives
L3 Module: l3basics 2015/01/27 v5500 L3 Basic definitions
L3 Module: l3expan 2014/11/27 v5472 L3 Argument expansion
L3 Module: l3tl 2015/01/27 v5500 L3 Token lists
L3 Module: l3str 2015/03/01 v5545 L3 Strings
L3 Module: l3seq 2014/08/23 v5354 L3 Sequences and stacks
L3 Module: l3int 2015/02/21 v5529 L3 Integers
\c_max_int=\count132
\l_tmpa_int=\count133
\l_tmpb_int=\count134
\g_tmpa_int=\count135
\g_tmpb_int=\count136
L3 Module: l3quark 2014/08/23 v5354 L3 Quarks
L3 Module: l3prg 2014/08/23 v5354 L3 Control structures
\g__prg_map_int=\count137
L3 Module: l3clist 2014/08/23 v5354 L3 Comma separated lists
L3 Module: l3token 2014/09/15 v5422 L3 Experimental token manipulation
L3 Module: l3prop 2014/08/23 v5354 L3 Property lists
L3 Module: l3msg 2015/02/26 v5537 L3 Messages
L3 Module: l3file 2014/08/24 v5369 L3 File and I/O operations
\l_iow_line_count_int=\count138
\l__iow_target_count_int=\count139
\l__iow_current_line_int=\count140
\l__iow_current_word_int=\count141
\l__iow_current_indentation_int=\count142
L3 Module: l3skip 2014/08/23 v5354 L3 Dimensions and skips
\c_zero_dim=\dimen173
\c_max_dim=\dimen174
\l_tmpa_dim=\dimen175
\l_tmpb_dim=\dimen176
\g_tmpa_dim=\dimen177
\g_tmpb_dim=\dimen178
\c_zero_skip=\skip62
\c_max_skip=\skip63
\l_tmpa_skip=\skip64
\l_tmpb_skip=\skip65
\g_tmpa_skip=\skip66
\g_tmpb_skip=\skip67
\c_zero_muskip=\muskip11
\c_max_muskip=\muskip12
\l_tmpa_muskip=\muskip13
\l_tmpb_muskip=\muskip14
\g_tmpa_muskip=\muskip15
\g_tmpb_muskip=\muskip16
L3 Module: l3keys 2015/01/27 v5500 L3 Key-value interfaces
\g__keyval_level_int=\count143
\l_keys_choice_int=\count144
L3 Module: l3fp 2014/08/22 v5336 L3 Floating points
\c__fp_leading_shift_int=\count145
\c__fp_middle_shift_int=\count146
\c__fp_trailing_shift_int=\count147
\c__fp_big_leading_shift_int=\count148
\c__fp_big_middle_shift_int=\count149
\c__fp_big_trailing_shift_int=\count150
\c__fp_Bigg_leading_shift_int=\count151
\c__fp_Bigg_middle_shift_int=\count152
\c__fp_Bigg_trailing_shift_int=\count153
L3 Module: l3box 2014/08/23 v5354 L3 Experimental boxes
\c_empty_box=\box59
\l_tmpa_box=\box60
\l_tmpb_box=\box61
\g_tmpa_box=\box62
\g_tmpb_box=\box63
L3 Module: l3coffins 2014/08/23 v5354 L3 Coffin code layer
\l__coffin_internal_box=\box64
\l__coffin_internal_dim=\dimen179
\l__coffin_offset_x_dim=\dimen180
\l__coffin_offset_y_dim=\dimen181
\l__coffin_x_dim=\dimen182
\l__coffin_y_dim=\dimen183
\l__coffin_x_prime_dim=\dimen184
\l__coffin_y_prime_dim=\dimen185
\c_empty_coffin=\box65
\l__coffin_aligned_coffin=\box66
\l__coffin_aligned_internal_coffin=\box67
\l_tmpa_coffin=\box68
\l_tmpb_coffin=\box69
\l__coffin_display_coffin=\box70
\l__coffin_display_coord_coffin=\box71
\l__coffin_display_pole_coffin=\box72
\l__coffin_display_offset_dim=\dimen186
\l__coffin_display_x_dim=\dimen187
\l__coffin_display_y_dim=\dimen188
L3 Module: l3color 2014/08/23 v5354 L3 Experimental color support
L3 Module: l3candidates 2015/03/01 v5544 L3 Experimental additions to l3kernel
\l__box_top_dim=\dimen189
\l__box_bottom_dim=\dimen190
\l__box_left_dim=\dimen191
\l__box_right_dim=\dimen192
\l__box_top_new_dim=\dimen193
\l__box_bottom_new_dim=\dimen194
\l__box_left_new_dim=\dimen195
\l__box_right_new_dim=\dimen196
\l__box_internal_box=\box73
\l__coffin_bounding_shift_dim=\dimen197
\l__coffin_left_corner_dim=\dimen198
\l__coffin_right_corner_dim=\dimen199
\l__coffin_bottom_corner_dim=\dimen200
\l__coffin_top_corner_dim=\dimen201
\l__coffin_scaled_total_height_dim=\dimen202
\l__coffin_scaled_width_dim=\dimen203
)
(/usr/local/texlive/2015/texmf-dist/tex/latex/l3kernel/l3unicode-data.def
File: l3unicode-data.def 2015/03/01 v5544 L3 Unicode data
)
(/usr/local/texlive/2015/texmf-dist/tex/latex/l3kernel/l3pdfmode.def
File: l3pdfmode.def 2015/03/01 v5544 L3 Experimental driver: PDF mode
\l__driver_color_stack_int=\count154
))
Package: xparse 2014/11/25 v5471 L3 Experimental document command parser
\l__xparse_current_arg_int=\count155
\l__xparse_m_args_int=\count156
\l__xparse_mandatory_args_int=\count157
\l__xparse_processor_int=\count158
\l__xparse_v_nesting_int=\count159
)
.................................................
. LaTeX info: "xparse/define-command"
. 
. Defining command \tcboxverb with sig. ' O{} v ' on line 128.
.................................................
)
(/usr/local/texlive/2015/texmf-dist/tex/latex/tcolorbox/tcblistingsutf8.code.te
x
Library (tcolorbox): 'tcblistingsutf8.code.tex' version '3.60'
(/usr/local/texlive/2015/texmf-dist/tex/latex/oberdiek/listingsutf8.sty
Package: listingsutf8 2011/11/10 v1.2 Allow UTF-8 in listings input (HO)

(/usr/local/texlive/2015/texmf-dist/tex/latex/listings/listings.sty
\lst@mode=\count160
\lst@gtempboxa=\box74
\lst@token=\toks37
\lst@length=\count161
\lst@currlwidth=\dimen204
\lst@column=\count162
\lst@pos=\count163
\lst@lostspace=\dimen205
\lst@width=\dimen206
\lst@newlines=\count164
\lst@lineno=\count165
\lst@maxwidth=\dimen207

(/usr/local/texlive/2015/texmf-dist/tex/latex/listings/lstmisc.sty
File: lstmisc.sty 2014/09/06 1.5e (Carsten Heinz)
\c@lstnumber=\count166
\lst@skipnumbers=\count167
\lst@framebox=\box75
)
(/usr/local/texlive/2015/texmf-dist/tex/latex/listings/listings.cfg
File: listings.cfg 2014/09/06 1.5e listings configuration
))
Package: listings 2014/09/06 1.5e (Carsten Heinz)

(/usr/local/texlive/2015/texmf-dist/tex/generic/oberdiek/pdftexcmds.sty
Package: pdftexcmds 2011/11/29 v0.20 Utility functions of pdfTeX for LuaTeX (HO
)

(/usr/local/texlive/2015/texmf-dist/tex/generic/oberdiek/ifluatex.sty
Package: ifluatex 2010/03/01 v1.3 Provides the ifluatex switch (HO)
Package ifluatex Info: LuaTeX not detected.
)
(/usr/local/texlive/2015/texmf-dist/tex/generic/oberdiek/ifpdf.sty
Package: ifpdf 2011/01/30 v2.3 Provides the ifpdf switch (HO)
Package ifpdf Info: pdfTeX in PDF mode is detected.
)
Package pdftexcmds Info: LuaTeX not detected.
Package pdftexcmds Info: \pdf@primitive is available.
Package pdftexcmds Info: \pdf@ifprimitive is available.
Package pdftexcmds Info: \pdfdraftmode found.
)
(/usr/local/texlive/2015/texmf-dist/tex/generic/oberdiek/stringenc.sty
Package: stringenc 2011/12/02 v1.10 Convert strings between diff. encodings (HO
)

(/usr/local/texlive/2015/texmf-dist/tex/generic/oberdiek/pdfescape.sty
Package: pdfescape 2011/11/25 v1.13 Implements pdfTeX's escape features (HO)
)))
(/usr/local/texlive/2015/texmf-dist/tex/latex/tcolorbox/tcblistings.code.tex
Library (tcolorbox): 'tcblistings.code.tex' version '3.60'

(/usr/local/texlive/2015/texmf-dist/tex/latex/tcolorbox/tcblistingscore.code.te
x
Library (tcolorbox): 'tcblistingscore.code.tex' version '3.60'
\c@tcblisting=\count168
)))
(/usr/local/texlive/2015/texmf-dist/tex/latex/tcolorbox/tcbexternal.code.tex
Library (tcolorbox): 'tcbexternal.code.tex' version '3.60'
)) (/usr/local/texlive/2015/texmf-dist/tex/latex/titlesec/titlesec.sty
Package: titlesec 2011/12/15 v2.10.0 Sectioning titles
\ttl@box=\box76
\beforetitleunit=\skip68
\aftertitleunit=\skip69
\ttl@plus=\dimen208
\ttl@minus=\dimen209
\ttl@toksa=\toks38
\titlewidth=\dimen210
\titlewidthlast=\dimen211
\titlewidthfirst=\dimen212
)
(/usr/local/texlive/2015/texmf-dist/tex/latex/appendix/appendix.sty
Package: appendix 2009/09/02 v1.2b extra appendix facilities
\c@@pps=\count169
\c@@ppsavesec=\count170
\c@@ppsaveapp=\count171
)
(/usr/local/texlive/2015/texmf-dist/tex/latex/tools/enumerate.sty
Package: enumerate 2014/10/28 v3.00 enumerate extensions (DPC)
\@enLab=\toks39
)
(/usr/local/texlive/2015/texmf-dist/tex/latex/subfigure/subfigure.sty
Package: subfigure 2002/03/15 v2.1.5 subfigure package
\subfigtopskip=\skip70
\subfigcapskip=\skip71
\subfigcaptopadj=\dimen213
\subfigbottomskip=\skip72
\subfigcapmargin=\dimen214
\subfiglabelskip=\skip73
\c@subfigure=\count172
\c@lofdepth=\count173
\c@subtable=\count174
\c@lotdepth=\count175

****************************************
* Local config file subfigure.cfg used *
****************************************
(/usr/local/texlive/2015/texmf-dist/tex/latex/subfigure/subfigure.cfg)
\subfig@top=\skip74
\subfig@bottom=\skip75
)
LaTeX Font Info:    Try loading font information for T1+txtt on input line 30.

(/usr/local/texlive/2015/texmf-dist/tex/latex/txfonts/t1txtt.fd
File: t1txtt.fd 2000/12/15 v3.1
)
(/usr/local/texlive/2015/texmf-dist/tex/latex/float/float.sty
Package: float 2001/11/08 v1.3d Float enhancements (AL)
\c@float@type=\count176
\float@exts=\toks40
\float@box=\box77
\@float@everytoks=\toks41
\@floatcapt=\box78
)
\@float@every@table=\toks42

(./masterfrontpage.sty
Package: masterfrontpage 

(/usr/local/texlive/2015/texmf-dist/tex/latex/base/fontenc.sty
Package: fontenc 2005/09/27 v1.99g Standard LaTeX package

(/usr/local/texlive/2015/texmf-dist/tex/latex/base/t1enc.def
File: t1enc.def 2005/09/27 v1.99g Standard LaTeX file
LaTeX Font Info:    Redeclaring font encoding T1 on input line 48.
))
(/usr/local/texlive/2015/texmf-dist/tex/latex/base/fix-cm.sty
Package: fix-cm 2015/01/14 v1.1t fixes to LaTeX

(/usr/local/texlive/2015/texmf-dist/tex/latex/base/ts1enc.def
File: ts1enc.def 2001/06/05 v3.0e (jk/car/fm) Standard LaTeX file
Now handling font encoding TS1 ...
... processing UTF-8 mapping file for font encoding TS1

(/usr/local/texlive/2015/texmf-dist/tex/latex/base/ts1enc.dfu
File: ts1enc.dfu 2014/09/29 v1.1m UTF-8 support for inputenc
   defining Unicode char U+00A2 (decimal 162)
   defining Unicode char U+00A3 (decimal 163)
   defining Unicode char U+00A4 (decimal 164)
   defining Unicode char U+00A5 (decimal 165)
   defining Unicode char U+00A6 (decimal 166)
   defining Unicode char U+00A7 (decimal 167)
   defining Unicode char U+00A8 (decimal 168)
   defining Unicode char U+00A9 (decimal 169)
   defining Unicode char U+00AA (decimal 170)
   defining Unicode char U+00AC (decimal 172)
   defining Unicode char U+00AE (decimal 174)
   defining Unicode char U+00AF (decimal 175)
   defining Unicode char U+00B0 (decimal 176)
   defining Unicode char U+00B1 (decimal 177)
   defining Unicode char U+00B2 (decimal 178)
   defining Unicode char U+00B3 (decimal 179)
   defining Unicode char U+00B4 (decimal 180)
   defining Unicode char U+00B5 (decimal 181)
   defining Unicode char U+00B6 (decimal 182)
   defining Unicode char U+00B7 (decimal 183)
   defining Unicode char U+00B9 (decimal 185)
   defining Unicode char U+00BA (decimal 186)
   defining Unicode char U+00BC (decimal 188)
   defining Unicode char U+00BD (decimal 189)
   defining Unicode char U+00BE (decimal 190)
   defining Unicode char U+00D7 (decimal 215)
   defining Unicode char U+00F7 (decimal 247)
   defining Unicode char U+0192 (decimal 402)
   defining Unicode char U+02C7 (decimal 711)
   defining Unicode char U+02D8 (decimal 728)
   defining Unicode char U+02DD (decimal 733)
   defining Unicode char U+0E3F (decimal 3647)
   defining Unicode char U+2016 (decimal 8214)
   defining Unicode char U+2020 (decimal 8224)
   defining Unicode char U+2021 (decimal 8225)
   defining Unicode char U+2022 (decimal 8226)
   defining Unicode char U+2030 (decimal 8240)
   defining Unicode char U+2031 (decimal 8241)
   defining Unicode char U+203B (decimal 8251)
   defining Unicode char U+203D (decimal 8253)
   defining Unicode char U+2044 (decimal 8260)
   defining Unicode char U+204E (decimal 8270)
   defining Unicode char U+2052 (decimal 8274)
   defining Unicode char U+20A1 (decimal 8353)
   defining Unicode char U+20A4 (decimal 8356)
   defining Unicode char U+20A6 (decimal 8358)
   defining Unicode char U+20A9 (decimal 8361)
   defining Unicode char U+20AB (decimal 8363)
   defining Unicode char U+20AC (decimal 8364)
   defining Unicode char U+20B1 (decimal 8369)
   defining Unicode char U+2103 (decimal 8451)
   defining Unicode char U+2116 (decimal 8470)
   defining Unicode char U+2117 (decimal 8471)
   defining Unicode char U+211E (decimal 8478)
   defining Unicode char U+2120 (decimal 8480)
   defining Unicode char U+2122 (decimal 8482)
   defining Unicode char U+2126 (decimal 8486)
   defining Unicode char U+2127 (decimal 8487)
   defining Unicode char U+212E (decimal 8494)
   defining Unicode char U+2190 (decimal 8592)
   defining Unicode char U+2191 (decimal 8593)
   defining Unicode char U+2192 (decimal 8594)
   defining Unicode char U+2193 (decimal 8595)
   defining Unicode char U+2329 (decimal 9001)
   defining Unicode char U+232A (decimal 9002)
   defining Unicode char U+2422 (decimal 9250)
   defining Unicode char U+25E6 (decimal 9702)
   defining Unicode char U+25EF (decimal 9711)
   defining Unicode char U+266A (decimal 9834)
)))
(/usr/local/texlive/2015/texmf-dist/tex/latex/tools/calc.sty
Package: calc 2014/10/28 v4.3 Infix arithmetic (KKT,FJ)
\calc@Acount=\count177
\calc@Bcount=\count178
\calc@Adimen=\dimen215
\calc@Bdimen=\dimen216
\calc@Askip=\skip76
\calc@Bskip=\skip77
LaTeX Info: Redefining \setlength on input line 80.
LaTeX Info: Redefining \addtolength on input line 81.
\calc@Ccount=\count179
\calc@Cskip=\skip78
)
(/usr/local/texlive/2015/texmf-dist/tex/latex/eso-pic/eso-pic.sty
Package: eso-pic 2015/04/20 v2.0e eso-pic (RN)

(/usr/local/texlive/2015/texmf-dist/tex/generic/oberdiek/atbegshi.sty
Package: atbegshi 2011/10/05 v1.16 At begin shipout hook (HO)
))
(/usr/local/texlive/2015/texmf-dist/tex/latex/oberdiek/picture.sty
Package: picture 2009/10/11 v1.3 Dimens for picture macros (HO)
Package picture Info: Calculation method: calc.
)
(/usr/local/texlive/2015/texmf-dist/tex/latex/xifthen/xifthen.sty
Package: xifthen 2009/04/17 v1.3 Extended ifthen features

(/usr/local/texlive/2015/texmf-dist/tex/latex/etex-pkg/etex.sty
Package: etex 2015/03/02 v2.1 eTeX basic definition package (PEB,DPC)
\et@xins=\count180
)
(/usr/local/texlive/2015/texmf-dist/tex/latex/ifmtarg/ifmtarg.sty
Package: ifmtarg 2009/09/02 v1.2a check for an empty argument
))
\c@MFP@cur@year=\count181
\c@MFP@cur@month=\count182
\MFPlogox=\skip79
\MFPlogoy=\skip80
\MFPtextx=\skip81
\MFPtexty=\skip82
\MFPtextlength=\skip83
\MFPapollonx=\skip84
)
(./Master_Sebben.aux

LaTeX Warning: Label `my-label' multiply defined.


LaTeX Warning: Label `my-label' multiply defined.


LaTeX Warning: Label `my-label' multiply defined.


LaTeX Warning: Label `my-label' multiply defined.


LaTeX Warning: Label `my-label' multiply defined.


LaTeX Warning: Label `my-label' multiply defined.


LaTeX Warning: Label `my-label' multiply defined.


LaTeX Warning: Label `my-label' multiply defined.


LaTeX Warning: Label `my-label' multiply defined.


LaTeX Warning: Label `fig:fluid_structure' multiply defined.


LaTeX Warning: Label `my-label' multiply defined.


LaTeX Warning: Label `my-label' multiply defined.

)
\openout1 = `Master_Sebben.aux'.

LaTeX Font Info:    Checking defaults for OML/cmm/m/it on input line 83.
LaTeX Font Info:    ... okay on input line 83.
LaTeX Font Info:    Checking defaults for T1/cmr/m/n on input line 83.
LaTeX Font Info:    ... okay on input line 83.
LaTeX Font Info:    Checking defaults for OT1/cmr/m/n on input line 83.
LaTeX Font Info:    ... okay on input line 83.
LaTeX Font Info:    Checking defaults for OMS/cmsy/m/n on input line 83.
LaTeX Font Info:    ... okay on input line 83.
LaTeX Font Info:    Checking defaults for OMX/cmex/m/n on input line 83.
LaTeX Font Info:    ... okay on input line 83.
LaTeX Font Info:    Checking defaults for U/cmr/m/n on input line 83.
LaTeX Font Info:    ... okay on input line 83.
LaTeX Font Info:    Checking defaults for TS1/cmr/m/n on input line 83.
LaTeX Font Info:    ... okay on input line 83.
 (/usr/local/texlive/2015/texmf-dist/tex/context/base/supp-pdf.mkii
[Loading MPS to PDF converter (version 2006.09.02).]
\scratchcounter=\count183
\scratchdimen=\dimen217
\scratchbox=\box79
\nofMPsegments=\count184
\nofMParguments=\count185
\everyMPshowfont=\toks43
\MPscratchCnt=\count186
\MPscratchDim=\dimen218
\MPnumerator=\count187
\makeMPintoPDFobject=\count188
\everyMPtoPDFconversion=\toks44
) (/usr/local/texlive/2015/texmf-dist/tex/latex/oberdiek/epstopdf-base.sty
Package: epstopdf-base 2010/02/09 v2.5 Base part for package epstopdf

(/usr/local/texlive/2015/texmf-dist/tex/latex/oberdiek/grfext.sty
Package: grfext 2010/08/19 v1.1 Manage graphics extensions (HO)

(/usr/local/texlive/2015/texmf-dist/tex/generic/oberdiek/kvdefinekeys.sty
Package: kvdefinekeys 2011/04/07 v1.3 Define keys (HO)
))
(/usr/local/texlive/2015/texmf-dist/tex/latex/oberdiek/kvoptions.sty
Package: kvoptions 2011/06/30 v3.11 Key value format for package options (HO)

(/usr/local/texlive/2015/texmf-dist/tex/generic/oberdiek/kvsetkeys.sty
Package: kvsetkeys 2012/04/25 v1.16 Key value parser (HO)

(/usr/local/texlive/2015/texmf-dist/tex/generic/oberdiek/etexcmds.sty
Package: etexcmds 2011/02/16 v1.5 Avoid name clashes with e-TeX commands (HO)
Package etexcmds Info: Could not find \expanded.
(etexcmds)             That can mean that you are not using pdfTeX 1.50 or
(etexcmds)             that some package has redefined \expanded.
(etexcmds)             In the latter case, load this package earlier.
)))
Package grfext Info: Graphics extension search list:
(grfext)             [.png,.pdf,.jpg,.mps,.jpeg,.jbig2,.jb2,.PNG,.PDF,.JPG,.JPE
G,.JBIG2,.JB2,.eps]
(grfext)             \AppendGraphicsExtensions on input line 452.

(/usr/local/texlive/2015/texmf-dist/tex/latex/latexconfig/epstopdf-sys.cfg
File: epstopdf-sys.cfg 2010/07/13 v1.3 Configuration of (r)epstopdf for TeX Liv
e
))
ABD: EveryShipout initializing macros
\c@lstlisting=\count189
\AtBeginShipoutBox=\box80

<masterfrontpage-images/masterfrontpage-background.pdf, id=4, 614.295pt x 845.0
471pt>
File: masterfrontpage-images/masterfrontpage-background.pdf Graphic file (type 
pdf)
 <use masterfrontpage-images/masterfrontpage-background.pdf>
Package pdftex.def Info: masterfrontpage-images/masterfrontpage-background.pdf 
used on input line 84.
(pdftex.def)             Requested size: 614.29349pt x 845.04504pt.

<masterfrontpage-images/masterfrontpage-apollon.pdf, id=5, 142.5325pt x 142.532
5pt>
File: masterfrontpage-images/masterfrontpage-apollon.pdf Graphic file (type pdf
)
 <use masterfrontpage-images/masterfrontpage-apollon.pdf>
Package pdftex.def Info: masterfrontpage-images/masterfrontpage-apollon.pdf use
d on input line 84.
(pdftex.def)             Requested size: 76.82243pt x 76.82285pt.

<masterfrontpage-images/masterfrontpage-logo-eng.pdf, id=6, 630.355pt x 74.2775
pt>
File: masterfrontpage-images/masterfrontpage-logo-eng.pdf Graphic file (type pd
f)
 <use masterfrontpage-images/masterfrontpage-logo-eng.pdf>
Package pdftex.def Info: masterfrontpage-images/masterfrontpage-logo-eng.pdf us
ed on input line 84.
(pdftex.def)             Requested size: 378.21591pt x 44.56683pt.
LaTeX Font Info:    Try loading font information for T1+phv on input line 84.

(/usr/local/texlive/2015/texmf-dist/tex/latex/psnfss/t1phv.fd
File: t1phv.fd 2001/06/04 scalable font definitions for T1/phv.
)
LaTeX Font Info:    Font shape `T1/phv/bx/n' in size <32> not available
(Font)              Font shape `T1/phv/b/n' tried instead on input line 84.
\MFP@titlelength=\skip85
LaTeX Font Info:    Font shape `T1/phv/bx/n' in size <17> not available
(Font)              Font shape `T1/phv/b/n' tried instead on input line 84.
 [1

{/usr/local/texlive/2015/texmf-var/fonts/map/pdftex/updmap/pdftex.map} <./maste
rfrontpage-images/masterfrontpage-background.pdf> <./masterfrontpage-images/mas
terfrontpage-apollon.pdf> <./masterfrontpage-images/masterfrontpage-logo-eng.pd
f>]
LaTeX Font Info:    Try loading font information for T1+lmr on input line 84.

(/usr/local/texlive/2015/texmf-dist/tex/latex/lm/t1lmr.fd
File: t1lmr.fd 2009/10/30 v1.6 Font defs for Latin Modern
)
LaTeX Font Info:    Try loading font information for U+msa on input line 84.

(/usr/local/texlive/2015/texmf-dist/tex/latex/amsfonts/umsa.fd
File: umsa.fd 2013/01/14 v3.01 AMS symbols A
)
LaTeX Font Info:    Try loading font information for U+msb on input line 84.

(/usr/local/texlive/2015/texmf-dist/tex/latex/amsfonts/umsb.fd
File: umsb.fd 2013/01/14 v3.01 AMS symbols B
) [2

]
(./Master_Sebben.toc [1

])
\tf@toc=\write6
\openout6 = `Master_Sebben.toc'.

 [2] (./IntroductionToFSI/IntroductionToFSI.tex
Chapter 1.

Underfull \hbox (badness 10000) in paragraph at lines 6--8

 []

<./IntroductionToFSI/tacoma2.jpeg, id=34, 770.88pt x 536.75531pt>
File: ./IntroductionToFSI/tacoma2.jpeg Graphic file (type jpg)

<use ./IntroductionToFSI/tacoma2.jpeg>
Package pdftex.def Info: ./IntroductionToFSI/tacoma2.jpeg used on input line 13
.
(pdftex.def)             Requested size: 188.95235pt x 131.55943pt.

<./IntroductionToFSI/tacoma3.jpeg, id=35, 770.88pt x 595.47469pt>
File: ./IntroductionToFSI/tacoma3.jpeg Graphic file (type jpg)

<use ./IntroductionToFSI/tacoma3.jpeg>
Package pdftex.def Info: ./IntroductionToFSI/tacoma3.jpeg used on input line 19
.
(pdftex.def)             Requested size: 185.2494pt x 143.08948pt.

Overfull \hbox (3.89786pt too wide) in paragraph at lines 11--23
 []$[]$$[]$ 
 []


Underfull \hbox (badness 10000) in paragraph at lines 25--26

 []

[1


]
Underfull \hbox (badness 10000) in paragraph at lines 27--29

 []

) (./Continuum_mechanics/Continuum_mechanics.tex [2 <./IntroductionToFSI/tacoma
2.jpeg> <./IntroductionToFSI/tacoma3.jpeg>]
Chapter 2.

Underfull \hbox (badness 10000) in paragraph at lines 2--5

 []


Underfull \hbox (badness 10000) in paragraph at lines 6--8

 []


Underfull \hbox (badness 10000) in paragraph at lines 9--10

 []

[3

] (./Solid_equations/Solid_equations.tex

Package amsfonts Warning: Obsolete command \bold; \mathbf should be used instea
d on input line 4.

) (./Navier-Stokes/Navier-Stokes.tex
Underfull \hbox (badness 10000) in paragraph at lines 9--11

 []

[4]
Underfull \hbox (badness 10000) in paragraph at lines 12--14

 []


LaTeX Warning: Citation `Charlesworth' on page 5 undefined on input line 15.

) (./Continuum_mechanics/Boundary_conditions.tex
Overfull \hbox (28.14272pt too wide) in paragraph at lines 1--1
 |[]\T1/cmr/bx/n/17.28 Fluid and Struc-ture Bound-ary con-di-tions| 
 []

[5])) (./FSI_ALE_formulation/FSI_ALE_formulation.tex [6]
Chapter 3.

Underfull \hbox (badness 10000) in paragraph at lines 2--3

 []


Underfull \hbox (badness 10000) in paragraph at lines 4--5

 []


Underfull \hbox (badness 10000) in paragraph at lines 6--9

 []

[7

]
Underfull \hbox (badness 10000) in paragraph at lines 10--12

 []


Underfull \hbox (badness 10000) in paragraph at lines 13--14

 []


Underfull \hbox (badness 10000) in paragraph at lines 15--16

 []

[8]
Underfull \hbox (badness 10000) in paragraph at lines 17--18

 []

<./FSI_ALE_formulation/FSI_mapping.png, id=70, 1013.7875pt x 360.34625pt>
File: ./FSI_ALE_formulation/FSI_mapping.png Graphic file (type png)

<use ./FSI_ALE_formulation/FSI_mapping.png>
Package pdftex.def Info: ./FSI_ALE_formulation/FSI_mapping.png used on input li
ne 24.
(pdftex.def)             Requested size: 456.20016pt x 162.15431pt.

Overfull \hbox (66.20016pt too wide) in paragraph at lines 24--25
[][] 
 []

[9 <./FSI_ALE_formulation/FSI_mapping.png>]
Underfull \hbox (badness 10000) in paragraph at lines 70--71

 []

[10]
Underfull \vbox (badness 10000) has occurred while \output is active []

 [11]
Overfull \hbox (6.25871pt too wide) in paragraph at lines 102--102
 |[]\T1/cmr/bx/n/17.28 Lifting op-er-a-tors for up-hold-ing mesh qual-
 []


Underfull \hbox (badness 10000) in paragraph at lines 103--106

 []

[12] [13]

LaTeX Warning: Command \textbackslash invalid in math mode on input line 154.


LaTeX Warning: Command \textbackslash invalid in math mode on input line 154.


Underfull \hbox (badness 10000) in paragraph at lines 166--168

 []

LaTeX Font Info:    Try loading font information for OMS+cmr on input line 173.

(/usr/local/texlive/2015/texmf-dist/tex/latex/base/omscmr.fd
File: omscmr.fd 2014/09/29 v2.5h Standard LaTeX font definitions
)
LaTeX Font Info:    Font shape `OMS/cmr/m/n' in size <12> not available
(Font)              Font shape `OMS/cmsy/m/n' tried instead on input line 173.
 [14]
(./Discretization/Discretization.tex
Overfull \hbox (35.49678pt too wide) in paragraph at lines 1--1
 |[]\T1/cmr/bx/n/17.28 Discretization of mono-lithic FSI equa-tions| 
 []

[15] [16]
Underfull \hbox (badness 10000) in paragraph at lines 65--66

 []

[17])) (./FSI_code_monolithic/FSI_code_monolithic_update.tex [18]
Chapter 4.

Underfull \hbox (badness 10000) in paragraph at lines 19--20

 []

(/usr/local/texlive/2015/texmf-dist/tex/latex/listings/lstlang1.sty
File: lstlang1.sty 2014/09/06 1.5e listings language file
)

Package Listings Warning: Text dropped after begin of listing on input line 27.


[19

]

Package Listings Warning: Text dropped after begin of listing on input line 40.


[20]
Overfull \hbox (5.42894pt too wide) in paragraph at lines 98--98
 |[]\T1/cmr/bx/n/17.28 Newtons method im-ple-men-ta-tion for solv-
 []

[21] [22]) (./Verification_Validation/Verification_Validation.tex [23] [24

]
Chapter 5.

Underfull \hbox (badness 10000) in paragraph at lines 6--8

 []


Underfull \hbox (badness 10000) in paragraph at lines 9--10

 []


Underfull \hbox (badness 10000) in paragraph at lines 16--18

 []

[25] [26]
Underfull \hbox (badness 10000) in paragraph at lines 50--51

 []


Underfull \hbox (badness 10000) in paragraph at lines 52--53

 []

[27] (./Verification_Validation/MMS_FSI/MMS_FSI.tex
Underfull \hbox (badness 10000) in paragraph at lines 2--3

 []


Underfull \hbox (badness 10000) in paragraph at lines 9--11

 []


Underfull \hbox (badness 10000) in paragraph at lines 23--24

 []

[28]
Overfull \hbox (2.78653pt too wide) in paragraph at lines 32--41
 [][] 
 []


Underfull \hbox (badness 10000) in paragraph at lines 61--62

 []

[29]
Overfull \hbox (9.02252pt too wide) in paragraph at lines 83--84
[]\T1/cmr/m/n/12 Then $\OML/cmm/m/it/12 f[]$ \T1/cmr/m/n/12 is used and mapped 
to the ref-er-ence con-fig-u-ra-tion and com-puted: 
 []

[30]

LaTeX Warning: Reference `tab:MMS_Fluid_time' on page 31 undefined on input lin
e 121.

) [31]
Underfull \hbox (badness 10000) in paragraph at lines 62--63

 []


Underfull \hbox (badness 10000) in paragraph at lines 64--65

 []


Underfull \hbox (badness 10000) in paragraph at lines 66--67

 []

(./Verification_Validation/Hron_Turek/Hron_Turek.tex
Underfull \vbox (badness 10000) has occurred while \output is active []

 [32]
<./Verification_Validation/Hron_Turek/Domain_drawing.png, id=155, 756.8275pt x 
250.9375pt>
File: ./Verification_Validation/Hron_Turek/Domain_drawing.png Graphic file (typ
e png)
 <use ./Verification_Validation/Hron_Turek/Domain_drawing.png>
Package pdftex.def Info: ./Verification_Validation/Hron_Turek/Domain_drawing.pn
g used on input line 9.
(pdftex.def)             Requested size: 302.72563pt x 100.37321pt.

Underfull \hbox (badness 10000) in paragraph at lines 12--14

 []

[33 <./Verification_Validation/Hron_Turek/Domain_drawing.png>]
Underfull \hbox (badness 10000) in paragraph at lines 24--25

 []

[34]
<./Verification_Validation/Hron_Turek/fluid.png, id=163, 919.435pt x 380.42125p
t>
File: ./Verification_Validation/Hron_Turek/fluid.png Graphic file (type png)
 <use ./Verification_Validation/Hron_Turek/fluid.png>
Package pdftex.def Info: ./Verification_Validation/Hron_Turek/fluid.png used on
 input line 48.
(pdftex.def)             Requested size: 405.6563pt x 67.86362pt.

Overfull \hbox (15.6563pt too wide) in paragraph at lines 48--49
[][] 
 []


LaTeX Warning: No positions in optional float specifier.
               Default added (so using `tbp') on input line 95.

[35 <./Verification_Validation/Hron_Turek/fluid.png (PNG copy)>]
Overfull \hbox (2.20117pt too wide) in paragraph at lines 111--112
[]\T1/cmr/m/n/12 Our quan-tity for com-par-ing there will be the de-for-ma-tion
 at the point $\OML/cmm/m/it/12 A$\T1/cmr/m/n/12 . 
 []


<./Verification_Validation/Hron_Turek/structure.png, id=169, 919.435pt x 380.42
125pt>
File: ./Verification_Validation/Hron_Turek/structure.png Graphic file (type png
)
 <use ./Verification_Validation/Hron_Turek/structure.png>
Package pdftex.def Info: ./Verification_Validation/Hron_Turek/structure.png use
d on input line 115.
(pdftex.def)             Requested size: 408.50156pt x 33.7204pt.

Overfull \hbox (18.50156pt too wide) in paragraph at lines 115--116
[][] 
 []


Underfull \vbox (badness 7344) has occurred while \output is active []

 [36 <./Verification_Validation/Hron_Turek/structure.png (PNG copy)>]
<./Verification_Validation//Hron_Turek/dis_x.png, id=175, 578.16pt x 433.62pt>
File: ./Verification_Validation//Hron_Turek/dis_x.png Graphic file (type png)

<use ./Verification_Validation//Hron_Turek/dis_x.png>
Package pdftex.def Info: ./Verification_Validation//Hron_Turek/dis_x.png used o
n input line 188.
(pdftex.def)             Requested size: 210.60071pt x 156.07254pt.

Underfull \hbox (badness 1454) in paragraph at lines 189--189
[]\T1/cmr/m/n/12 Figure 5.4: Dis-place-ment in x di-rec-tion,
 []


<./Verification_Validation//Hron_Turek/dis_y.png, id=178, 578.16pt x 433.62pt>
File: ./Verification_Validation//Hron_Turek/dis_y.png Graphic file (type png)

<use ./Verification_Validation//Hron_Turek/dis_y.png>
Package pdftex.def Info: ./Verification_Validation//Hron_Turek/dis_y.png used o
n input line 194.
(pdftex.def)             Requested size: 210.60071pt x 156.07254pt.

Underfull \hbox (badness 1454) in paragraph at lines 195--195
[]\T1/cmr/m/n/12 Figure 5.5: Dis-place-ment in x di-rec-tion,
 []


<./Verification_Validation//Hron_Turek/dis_x_short.png, id=180, 578.16pt x 433.
62pt>
File: ./Verification_Validation//Hron_Turek/dis_x_short.png Graphic file (type 
png)
 <use ./Verification_Validation//Hron_Turek/dis_x_short.png>
Package pdftex.def Info: ./Verification_Validation//Hron_Turek/dis_x_short.png 
used on input line 200.
(pdftex.def)             Requested size: 210.60071pt x 156.07254pt.

Underfull \hbox (badness 1454) in paragraph at lines 201--201
[]\T1/cmr/m/n/12 Figure 5.6: Dis-place-ment in x di-rec-tion,
 []


<./Verification_Validation/Hron_Turek/dis_y_short.png, id=182, 578.16pt x 433.6
2pt>
File: ./Verification_Validation/Hron_Turek/dis_y_short.png Graphic file (type p
ng)
 <use ./Verification_Validation/Hron_Turek/dis_y_short.png>
Package pdftex.def Info: ./Verification_Validation/Hron_Turek/dis_y_short.png u
sed on input line 206.
(pdftex.def)             Requested size: 210.60071pt x 156.07254pt.

Underfull \hbox (badness 1454) in paragraph at lines 207--207
[]\T1/cmr/m/n/12 Figure 5.7: Dis-place-ment in x di-rec-tion,
 []


Overfull \hbox (78.00476pt too wide) in paragraph at lines 186--210
 [][][] 
 []


Overfull \hbox (78.00476pt too wide) in paragraph at lines 186--210
 [][] 
 []


Underfull \vbox (badness 10000) has occurred while \output is active []

 [37]
[38 <./Verification_Validation//Hron_Turek/dis_x.png> <./Verification_Validatio
n//Hron_Turek/dis_y.png> <./Verification_Validation//Hron_Turek/dis_x_short.png
> <./Verification_Validation/Hron_Turek/dis_y_short.png>]
<./Verification_Validation/Hron_Turek/fluid_structure.png, id=198, 919.435pt x 
380.42125pt>
File: ./Verification_Validation/Hron_Turek/fluid_structure.png Graphic file (ty
pe png)
 <use ./Verification_Validation/Hron_Turek/fluid_structure.png>
Package pdftex.def Info: ./Verification_Validation/Hron_Turek/fluid_structure.p
ng used on input line 223.
(pdftex.def)             Requested size: 406.05978pt x 131.49675pt.

Overfull \hbox (16.05978pt too wide) in paragraph at lines 223--224
[][] 
 []


Overfull \hbox (27.24419pt too wide) in paragraph at lines 248--256
 [][] 
 []

[39 <./Verification_Validation/Hron_Turek/fluid_structure.png (PNG copy)>]
Overfull \hbox (44.9199pt too wide) in paragraph at lines 282--290
 [][] 
 []


Overfull \hbox (49.82661pt too wide) in paragraph at lines 296--303
 [][] 
 []


<./Verification_Validation/Hron_Turek/FSI2_d_920.png, id=205, 919.435pt x 380.4
2125pt>
File: ./Verification_Validation/Hron_Turek/FSI2_d_920.png Graphic file (type pn
g)
 <use ./Verification_Validation/Hron_Turek/FSI2_d_920.png>
Package pdftex.def Info: ./Verification_Validation/Hron_Turek/FSI2_d_920.png us
ed on input line 306.
(pdftex.def)             Requested size: 367.76749pt x 152.16579pt.

<./Verification_Validation/Hron_Turek/FSI2_u_920.png, id=207, 919.435pt x 380.4
2125pt>
File: ./Verification_Validation/Hron_Turek/FSI2_u_920.png Graphic file (type pn
g)
 <use ./Verification_Validation/Hron_Turek/FSI2_u_920.png>
Package pdftex.def Info: ./Verification_Validation/Hron_Turek/FSI2_u_920.png us
ed on input line 310.
(pdftex.def)             Requested size: 367.76749pt x 152.16579pt.
 [40 <./Verification_Validation/Hron_Turek/FSI2_d_920.png (PNG copy)>]
Overfull \hbox (57.45335pt too wide) in paragraph at lines 319--331
 [][] 
 []


Underfull \hbox (badness 10000) in paragraph at lines 334--335

 []


Underfull \hbox (badness 10000) in paragraph at lines 336--337

 []

[41 <./Verification_Validation/Hron_Turek/FSI2_u_920.png (PNG copy)>])
(./Verification_Validation/Mesh_motion_results/Mesh_motion_results.tex
Underfull \hbox (badness 10000) in paragraph at lines 2--4

 []

[42]
<./Verification_Validation/Mesh_motion_results/CSM1.png, id=221, 586.8324pt x 4
42.2924pt>
File: ./Verification_Validation/Mesh_motion_results/CSM1.png Graphic file (type
 png)
 <use ./Verification_Validation/Mesh_motion_results/CSM1.png>
Package pdftex.def Info: ./Verification_Validation/Mesh_motion_results/CSM1.png
 used on input line 15.
(pdftex.def)             Requested size: 352.10216pt x 265.37749pt.

<./Verification_Validation/Mesh_motion_results/CSM1_laplace.png, id=223, 919.43
5pt x 380.42125pt>
File: ./Verification_Validation/Mesh_motion_results/CSM1_laplace.png Graphic fi
le (type png)

<use ./Verification_Validation/Mesh_motion_results/CSM1_laplace.png>
Package pdftex.def Info: ./Verification_Validation/Mesh_motion_results/CSM1_lap
lace.png used on input line 23.
(pdftex.def)             Requested size: 229.85818pt x 95.10507pt.

<./Verification_Validation/Mesh_motion_results/CSM1_constant.png, id=224, 919.4
35pt x 380.42125pt>
File: ./Verification_Validation/Mesh_motion_results/CSM1_constant.png Graphic f
ile (type png)

<use ./Verification_Validation/Mesh_motion_results/CSM1_constant.png>
Package pdftex.def Info: ./Verification_Validation/Mesh_motion_results/CSM1_con
stant.png used on input line 29.
(pdftex.def)             Requested size: 229.85818pt x 95.10507pt.

<./Verification_Validation/Mesh_motion_results/CSM1_bibc1.png, id=225, 919.435p
t x 380.42125pt>
File: ./Verification_Validation/Mesh_motion_results/CSM1_bibc1.png Graphic file
 (type png)

<use ./Verification_Validation/Mesh_motion_results/CSM1_bibc1.png>
Package pdftex.def Info: ./Verification_Validation/Mesh_motion_results/CSM1_bib
c1.png used on input line 35.
(pdftex.def)             Requested size: 229.85818pt x 95.10507pt.

<./Verification_Validation/Mesh_motion_results/CSM1_bibc2.png, id=226, 919.435p
t x 380.42125pt>
File: ./Verification_Validation/Mesh_motion_results/CSM1_bibc2.png Graphic file
 (type png)

<use ./Verification_Validation/Mesh_motion_results/CSM1_bibc2.png>
Package pdftex.def Info: ./Verification_Validation/Mesh_motion_results/CSM1_bib
c2.png used on input line 41.
(pdftex.def)             Requested size: 229.85818pt x 95.10507pt.

Overfull \hbox (78.00476pt too wide) in paragraph at lines 21--45
[][][]
 []


Overfull \hbox (78.00476pt too wide) in paragraph at lines 21--45
[][] 
 []


Underfull \vbox (badness 10000) has occurred while \output is active []

 [43 <./Verification_Validation/Mesh_motion_results/CSM1.png>]
<./Verification_Validation/Mesh_motion_results/FSI2_dt001_dis_x.png, id=232, 58
6.8324pt x 442.2924pt>
File: ./Verification_Validation/Mesh_motion_results/FSI2_dt001_dis_x.png Graphi
c file (type png)

<use ./Verification_Validation/Mesh_motion_results/FSI2_dt001_dis_x.png>
Package pdftex.def Info: ./Verification_Validation/Mesh_motion_results/FSI2_dt0
01_dis_x.png used on input line 73.
(pdftex.def)             Requested size: 240.60283pt x 181.34105pt.

Overfull \hbox (6.60045pt too wide) in paragraph at lines 73--75
 [][] 
 []


<./Verification_Validation/Mesh_motion_results/FSI2_dt001_dis_y.png, id=233, 58
6.8324pt x 442.2924pt>
File: ./Verification_Validation/Mesh_motion_results/FSI2_dt001_dis_y.png Graphi
c file (type png)

<use ./Verification_Validation/Mesh_motion_results/FSI2_dt001_dis_y.png>
Package pdftex.def Info: ./Verification_Validation/Mesh_motion_results/FSI2_dt0
01_dis_y.png used on input line 78.
(pdftex.def)             Requested size: 240.60283pt x 181.34105pt.

Overfull \hbox (6.60045pt too wide) in paragraph at lines 78--80
 [][] 
 []


<./Verification_Validation/Mesh_motion_results/FSI2_dt001_drag.png, id=234, 586
.8324pt x 442.2924pt>
File: ./Verification_Validation/Mesh_motion_results/FSI2_dt001_drag.png Graphic
 file (type png)

<use ./Verification_Validation/Mesh_motion_results/FSI2_dt001_drag.png>
Package pdftex.def Info: ./Verification_Validation/Mesh_motion_results/FSI2_dt0
01_drag.png used on input line 83.
(pdftex.def)             Requested size: 240.60283pt x 181.34105pt.

Overfull \hbox (6.60045pt too wide) in paragraph at lines 83--85
 [][] 
 []


<./Verification_Validation/Mesh_motion_results/FSI2_dt001_lift.png, id=235, 586
.8324pt x 442.2924pt>
File: ./Verification_Validation/Mesh_motion_results/FSI2_dt001_lift.png Graphic
 file (type png)

<use ./Verification_Validation/Mesh_motion_results/FSI2_dt001_lift.png>
Package pdftex.def Info: ./Verification_Validation/Mesh_motion_results/FSI2_dt0
01_lift.png used on input line 88.
(pdftex.def)             Requested size: 240.60283pt x 181.34105pt.

Overfull \hbox (6.60045pt too wide) in paragraph at lines 88--90
 [][] 
 []


Overfull \hbox (78.00476pt too wide) in paragraph at lines 71--91
[][][]
 []


Overfull \hbox (78.00476pt too wide) in paragraph at lines 71--91
[][] 
 []


Underfull \vbox (badness 1838) has occurred while \output is active []

 [44 <./Verification_Validation/Mesh_motion_results/CSM1_laplace.png (PNG copy)
> <./Verification_Validation/Mesh_motion_results/CSM1_constant.png (PNG copy)> 
<./Verification_Validation/Mesh_motion_results/CSM1_bibc1.png (PNG copy)> <./Ve
rification_Validation/Mesh_motion_results/CSM1_bibc2.png (PNG copy)>])
(./Verification_Validation/Temporal_stability/Temporal_stability.tex [45 <./Ver
ification_Validation/Mesh_motion_results/FSI2_dt001_dis_x.png> <./Verification_
Validation/Mesh_motion_results/FSI2_dt001_dis_y.png> <./Verification_Validation
/Mesh_motion_results/FSI2_dt001_drag.png> <./Verification_Validation/Mesh_motio
n_results/FSI2_dt001_lift.png>]
<./Verification_Validation/Temporal_stability/FSI2_001_051_big.png, id=247, 586
.8324pt x 433.62pt>
File: ./Verification_Validation/Temporal_stability/FSI2_001_051_big.png Graphic
 file (type png)

<use ./Verification_Validation/Temporal_stability/FSI2_001_051_big.png>
Package pdftex.def Info: ./Verification_Validation/Temporal_stability/FSI2_001_
051_big.png used on input line 9.
(pdftex.def)             Requested size: 205.39441pt x 151.76927pt.

Overfull \hbox (10.39441pt too wide) in paragraph at lines 9--10
 [][] 
 []


<./Verification_Validation/Temporal_stability/FSI2_001_050_big.png, id=248, 586
.8324pt x 442.2924pt>
File: ./Verification_Validation/Temporal_stability/FSI2_001_050_big.png Graphic
 file (type png)

<use ./Verification_Validation/Temporal_stability/FSI2_001_050_big.png>
Package pdftex.def Info: ./Verification_Validation/Temporal_stability/FSI2_001_
050_big.png used on input line 15.
(pdftex.def)             Requested size: 205.39441pt x 154.80466pt.

Overfull \hbox (10.39441pt too wide) in paragraph at lines 15--16
 [][] 
 []


<./Verification_Validation/Temporal_stability/FSI2_001_051_small.png, id=249, 5
86.8324pt x 442.2924pt>
File: ./Verification_Validation/Temporal_stability/FSI2_001_051_small.png Graph
ic file (type png)

<use ./Verification_Validation/Temporal_stability/FSI2_001_051_small.png>
Package pdftex.def Info: ./Verification_Validation/Temporal_stability/FSI2_001_
051_small.png used on input line 21.
(pdftex.def)             Requested size: 205.39441pt x 154.80466pt.

Overfull \hbox (10.39441pt too wide) in paragraph at lines 21--22
 [][] 
 []


<./Verification_Validation/Temporal_stability/FSI2_001_050_small.png, id=250, 5
86.8324pt x 442.2924pt>
File: ./Verification_Validation/Temporal_stability/FSI2_001_050_small.png Graph
ic file (type png)

<use ./Verification_Validation/Temporal_stability/FSI2_001_050_small.png>
Package pdftex.def Info: ./Verification_Validation/Temporal_stability/FSI2_001_
050_small.png used on input line 27.
(pdftex.def)             Requested size: 205.39441pt x 154.80466pt.

Overfull \hbox (10.39441pt too wide) in paragraph at lines 27--28
 [][] 
 []


Underfull \hbox (badness 10000) in paragraph at lines 34--35

 []

[46 <./Verification_Validation/Temporal_stability/FSI2_001_051_big.png> <./Veri
fication_Validation/Temporal_stability/FSI2_001_050_big.png> <./Verification_Va
lidation/Temporal_stability/FSI2_001_051_small.png> <./Verification_Validation/
Temporal_stability/FSI2_001_050_small.png>])
Underfull \hbox (badness 10000) in paragraph at lines 38--76

 []

) (./Speedup/Speedup.tex [47] [48

]
Chapter 6.
[49]
Underfull \hbox (badness 10000) in paragraph at lines 28--29

 []

[50]
Underfull \hbox (badness 10000) in paragraph at lines 48--49

 []


Underfull \vbox (badness 10000) has occurred while \output is active []

 [51])
(./Conclusions/Conclusions.tex [52]
Chapter 7.
) [53

] [54

] [55

] [56] (./Appendix/Appendix.tex
Appendix A.
<continuum_mapping.png, id=289, 682.55pt x 341.275pt>
File: continuum_mapping.png Graphic file (type png)

<use continuum_mapping.png>
Package pdftex.def Info: continuum_mapping.png used on input line 5.
(pdftex.def)             Requested size: 273.01517pt x 136.50757pt.
 [57

 <./continuum_mapping.png>]
Underfull \hbox (badness 10000) in paragraph at lines 32--34

 []

<./Solid_equations/Strain.png, id=294, 918.43124pt x 325.215pt>
File: ./Solid_equations/Strain.png Graphic file (type png)

<use ./Solid_equations/Strain.png>
Package pdftex.def Info: ./Solid_equations/Strain.png used on input line 55.
(pdftex.def)             Requested size: 367.36598pt x 130.0837pt.

Underfull \vbox (badness 6592) has occurred while \output is active []

 [58]
Underfull \hbox (badness 10000) in paragraph at lines 75--77

 []

[59 <./Solid_equations/Strain.png>]
Underfull \hbox (badness 10000) in paragraph at lines 85--86

 []

[60]) (./Master_Sebben.bbl [61] [62

] [63] [64]) [65] (./Master_Sebben.aux)

LaTeX Warning: There were undefined references.


LaTeX Warning: There were multiply-defined labels.

 ) 
Here is how much of TeX's memory you used:
 28270 strings out of 493089
 563390 string characters out of 6134842
 837948 words of memory out of 5000000
 31166 multiletter control sequences out of 15000+600000
 40436 words of font info for 69 fonts, out of 8000000 for 9000
 1141 hyphenation exceptions out of 8191
 63i,12n,101p,10452b,1856s stack positions out of 5000i,500n,10000p,200000b,80000s
{/usr/local/texlive/2015/texmf-dist/fonts/enc/dvips/cm-super/cm-super-t1.enc}
{/usr/local/texlive/2015/texmf-dist/fonts/enc/dvips/lm/lm-ec.enc}{/usr/local/te
xlive/2015/texmf-dist/fonts/enc/dvips/base/8r.enc}</usr/local/texlive/2015/texm
f-dist/fonts/type1/public/amsfonts/cm/cmbx12.pfb></usr/local/texlive/2015/texmf
-dist/fonts/type1/public/amsfonts/cm/cmbx8.pfb></usr/local/texlive/2015/texmf-d
ist/fonts/type1/public/amsfonts/cm/cmex10.pfb></usr/local/texlive/2015/texmf-di
st/fonts/type1/public/amsfonts/cm/cmmi10.pfb></usr/local/texlive/2015/texmf-dis
t/fonts/type1/public/amsfonts/cm/cmmi12.pfb></usr/local/texlive/2015/texmf-dist
/fonts/type1/public/amsfonts/cm/cmmi6.pfb></usr/local/texlive/2015/texmf-dist/f
onts/type1/public/amsfonts/cm/cmmi8.pfb></usr/local/texlive/2015/texmf-dist/fon
ts/type1/public/amsfonts/cm/cmr12.pfb></usr/local/texlive/2015/texmf-dist/fonts
/type1/public/amsfonts/cm/cmr6.pfb></usr/local/texlive/2015/texmf-dist/fonts/ty
pe1/public/amsfonts/cm/cmr7.pfb></usr/local/texlive/2015/texmf-dist/fonts/type1
/public/amsfonts/cm/cmr8.pfb></usr/local/texlive/2015/texmf-dist/fonts/type1/pu
blic/amsfonts/cm/cmsy10.pfb></usr/local/texlive/2015/texmf-dist/fonts/type1/pub
lic/amsfonts/cm/cmsy8.pfb></usr/local/texlive/2015/texmf-dist/fonts/type1/publi
c/lm/lmr10.pfb></usr/local/texlive/2015/texmf-dist/fonts/type1/public/lm/lmri10
.pfb></usr/local/texlive/2015/texmf-dist/fonts/type1/public/amsfonts/symbols/ms
bm10.pfb></usr/local/texlive/2015/texmf-dist/fonts/type1/public/cm-super/sfbx08
00.pfb></usr/local/texlive/2015/texmf-dist/fonts/type1/public/cm-super/sfbx1200
.pfb></usr/local/texlive/2015/texmf-dist/fonts/type1/public/cm-super/sfrm0600.p
fb></usr/local/texlive/2015/texmf-dist/fonts/type1/public/cm-super/sfrm1200.pfb
></usr/local/texlive/2015/texmf-dist/fonts/type1/public/cm-super/sfsl1200.pfb><
/usr/local/texlive/2015/texmf-dist/fonts/type1/public/cm-super/sfti1200.pfb></u
sr/local/texlive/2015/texmf-dist/fonts/type1/public/txfonts/t1xbtt.pfb></usr/lo
cal/texlive/2015/texmf-dist/fonts/type1/public/txfonts/t1xtt.pfb></usr/local/te
xlive/2015/texmf-dist/fonts/type1/urw/helvetic/uhvb8a.pfb></usr/local/texlive/2
015/texmf-dist/fonts/type1/urw/helvetic/uhvr8a.pfb>
Output written on Master_Sebben.pdf (69 pages, 1806826 bytes).
PDF statistics:
 408 PDF objects out of 1000 (max. 8388607)
 254 compressed objects within 3 object streams
 0 named destinations out of 1000 (max. 500000)
 228 words of extra memory for PDF output out of 10000 (max. 10000000)

